<?xml version="1.0" encoding="UTF-8"?>
<!-- Generated by org.testng.reporters.JUnitXMLReporter -->
<testsuite ignored="0" hostname="IBM-72LYGY3" failures="0" tests="3" name="IBM_testing" time="12.456" errors="0" timestamp="2024-02-06T10:18:45 IST">
  <testcase classname="Act9_2" name="simpleAlertTestCase" time="0.078"/>
  <testcase classname="Act9_2" name="confirmAlertTestCase" time="0.06"/>
  <testcase classname="Act9_2" name="promptAlertTestCase" time="0.074"/>
</testsuite> <!-- IBM_testing -->
